Performing C++ SOURCE FILE Test CMAKE_HAVE_LIBC_PTHREAD failed with the following output:
Change Dir: /home/usuario/practicas/p11-google-tests/ib-2021-2022-p11_oop-gtests-AntonioRamos17/1.vector3D/build/CMakeFiles/CMakeTmp

Run Build Command(s):/usr/bin/make cmTC_f648f/fast && /usr/bin/make -f CMakeFiles/cmTC_f648f.dir/build.make CMakeFiles/cmTC_f648f.dir/build
make[1]: Entering directory '/home/usuario/practicas/p11-google-tests/ib-2021-2022-p11_oop-gtests-AntonioRamos17/1.vector3D/build/CMakeFiles/CMakeTmp'
Building CXX object CMakeFiles/cmTC_f648f.dir/src.cxx.o
/usr/bin/c++    -DCMAKE_HAVE_LIBC_PTHREAD   -o CMakeFiles/cmTC_f648f.dir/src.cxx.o -c /home/usuario/practicas/p11-google-tests/ib-2021-2022-p11_oop-gtests-AntonioRamos17/1.vector3D/build/CMakeFiles/CMakeTmp/src.cxx
Linking CXX executable cmTC_f648f
/usr/bin/cmake -E cmake_link_script CMakeFiles/cmTC_f648f.dir/link.txt --verbose=1
/usr/bin/c++   -DCMAKE_HAVE_LIBC_PTHREAD    -rdynamic CMakeFiles/cmTC_f648f.dir/src.cxx.o  -o cmTC_f648f 
/usr/bin/ld: CMakeFiles/cmTC_f648f.dir/src.cxx.o: in function `main':
src.cxx:(.text+0x46): undefined reference to `pthread_create'
/usr/bin/ld: src.cxx:(.text+0x52): undefined reference to `pthread_detach'
/usr/bin/ld: src.cxx:(.text+0x63): undefined reference to `pthread_join'
collect2: error: ld returned 1 exit status
make[1]: *** [CMakeFiles/cmTC_f648f.dir/build.make:87: cmTC_f648f] Error 1
make[1]: Leaving directory '/home/usuario/practicas/p11-google-tests/ib-2021-2022-p11_oop-gtests-AntonioRamos17/1.vector3D/build/CMakeFiles/CMakeTmp'
make: *** [Makefile:121: cmTC_f648f/fast] Error 2


Source file was:
#include <pthread.h>

void* test_func(void* data)
{
  return data;
}

int main(void)
{
  pthread_t thread;
  pthread_create(&thread, NULL, test_func, NULL);
  pthread_detach(thread);
  pthread_join(thread, NULL);
  pthread_atfork(NULL, NULL, NULL);
  pthread_exit(NULL);

  return 0;
}

Determining if the function pthread_create exists in the pthreads failed with the following output:
Change Dir: /home/usuario/practicas/p11-google-tests/ib-2021-2022-p11_oop-gtests-AntonioRamos17/1.vector3D/build/CMakeFiles/CMakeTmp

Run Build Command(s):/usr/bin/make cmTC_1b5b5/fast && /usr/bin/make -f CMakeFiles/cmTC_1b5b5.dir/build.make CMakeFiles/cmTC_1b5b5.dir/build
make[1]: Entering directory '/home/usuario/practicas/p11-google-tests/ib-2021-2022-p11_oop-gtests-AntonioRamos17/1.vector3D/build/CMakeFiles/CMakeTmp'
Building CXX object CMakeFiles/cmTC_1b5b5.dir/CheckFunctionExists.cxx.o
/usr/bin/c++    -DCHECK_FUNCTION_EXISTS=pthread_create   -o CMakeFiles/cmTC_1b5b5.dir/CheckFunctionExists.cxx.o -c /home/usuario/practicas/p11-google-tests/ib-2021-2022-p11_oop-gtests-AntonioRamos17/1.vector3D/build/CMakeFiles/CheckLibraryExists/CheckFunctionExists.cxx
Linking CXX executable cmTC_1b5b5
/usr/bin/cmake -E cmake_link_script CMakeFiles/cmTC_1b5b5.dir/link.txt --verbose=1
/usr/bin/c++   -DCHECK_FUNCTION_EXISTS=pthread_create    -rdynamic CMakeFiles/cmTC_1b5b5.dir/CheckFunctionExists.cxx.o  -o cmTC_1b5b5  -lpthreads 
/usr/bin/ld: cannot find -lpthreads
collect2: error: ld returned 1 exit status
make[1]: *** [CMakeFiles/cmTC_1b5b5.dir/build.make:87: cmTC_1b5b5] Error 1
make[1]: Leaving directory '/home/usuario/practicas/p11-google-tests/ib-2021-2022-p11_oop-gtests-AntonioRamos17/1.vector3D/build/CMakeFiles/CMakeTmp'
make: *** [Makefile:121: cmTC_1b5b5/fast] Error 2



